{"C:\\Users\\Isaiah Kimoban\\Desktop\\E-Commerce\\frontend\\components\\CategoryFilterBar.tsx": {"path":"C:\\Users\\Isaiah Kimoban\\Desktop\\E-Commerce\\frontend\\components\\CategoryFilterBar.tsx","statementMap":{"0":{"start":{"line":15,"column":38},"end":{"line":15,"column":62}},"1":{"start":{"line":16,"column":2},"end":{"line":20,"column":9}},"2":{"start":{"line":17,"column":4},"end":{"line":19,"column":41}},"3":{"start":{"line":18,"column":19},"end":{"line":18,"column":29}},"4":{"start":{"line":19,"column":20},"end":{"line":19,"column":39}},"5":{"start":{"line":21,"column":2},"end":{"line":39,"column":4}},"6":{"start":{"line":25,"column":23},"end":{"line":25,"column":37}},"7":{"start":{"line":30,"column":8},"end":{"line":36,"column":27}},"8":{"start":{"line":33,"column":25},"end":{"line":33,"column":41}}},"fnMap":{"0":{"name":"CategoryFilterBar","decl":{"start":{"line":14,"column":24},"end":{"line":14,"column":41}},"loc":{"start":{"line":14,"column":90},"end":{"line":40,"column":1}},"line":14},"1":{"name":"(anonymous_1)","decl":{"start":{"line":16,"column":12},"end":{"line":16,"column":13}},"loc":{"start":{"line":16,"column":18},"end":{"line":20,"column":3}},"line":16},"2":{"name":"(anonymous_2)","decl":{"start":{"line":18,"column":12},"end":{"line":18,"column":13}},"loc":{"start":{"line":18,"column":19},"end":{"line":18,"column":29}},"line":18},"3":{"name":"(anonymous_3)","decl":{"start":{"line":19,"column":12},"end":{"line":19,"column":13}},"loc":{"start":{"line":19,"column":20},"end":{"line":19,"column":39}},"line":19},"4":{"name":"(anonymous_4)","decl":{"start":{"line":25,"column":17},"end":{"line":25,"column":18}},"loc":{"start":{"line":25,"column":23},"end":{"line":25,"column":37}},"line":25},"5":{"name":"(anonymous_5)","decl":{"start":{"line":29,"column":22},"end":{"line":29,"column":23}},"loc":{"start":{"line":30,"column":8},"end":{"line":36,"column":27}},"line":30},"6":{"name":"(anonymous_6)","decl":{"start":{"line":33,"column":19},"end":{"line":33,"column":20}},"loc":{"start":{"line":33,"column":25},"end":{"line":33,"column":41}},"line":33}},"branchMap":{"0":{"loc":{"start":{"line":24,"column":57},"end":{"line":24,"column":135}},"type":"cond-expr","locations":[{"start":{"line":24,"column":77},"end":{"line":24,"column":106}},{"start":{"line":24,"column":109},"end":{"line":24,"column":135}}],"line":24},"1":{"loc":{"start":{"line":27,"column":25},"end":{"line":27,"column":89}},"type":"cond-expr","locations":[{"start":{"line":27,"column":45},"end":{"line":27,"column":71}},{"start":{"line":27,"column":74},"end":{"line":27,"column":89}}],"line":27},"2":{"loc":{"start":{"line":32,"column":59},"end":{"line":32,"column":139}},"type":"cond-expr","locations":[{"start":{"line":32,"column":81},"end":{"line":32,"column":110}},{"start":{"line":32,"column":113},"end":{"line":32,"column":139}}],"line":32},"3":{"loc":{"start":{"line":35,"column":27},"end":{"line":35,"column":93}},"type":"cond-expr","locations":[{"start":{"line":35,"column":49},"end":{"line":35,"column":75}},{"start":{"line":35,"column":78},"end":{"line":35,"column":93}}],"line":35}},"s":{"0":0,"1":0,"2":0,"3":0,"4":0,"5":0,"6":0,"7":0,"8":0},"f":{"0":0,"1":0,"2":0,"3":0,"4":0,"5":0,"6":0},"b":{"0":[0,0],"1":[0,0],"2":[0,0],"3":[0,0]}}
,"C:\\Users\\Isaiah Kimoban\\Desktop\\E-Commerce\\frontend\\components\\ProductCard.tsx": {"path":"C:\\Users\\Isaiah Kimoban\\Desktop\\E-Commerce\\frontend\\components\\ProductCard.tsx","statementMap":{"0":{"start":{"line":20,"column":2},"end":{"line":51,"column":4}}},"fnMap":{"0":{"name":"ProductCard","decl":{"start":{"line":19,"column":24},"end":{"line":19,"column":35}},"loc":{"start":{"line":19,"column":85},"end":{"line":52,"column":1}},"line":19}},"branchMap":{"0":{"loc":{"start":{"line":23,"column":9},"end":{"line":31,"column":9}},"type":"cond-expr","locations":[{"start":{"line":24,"column":10},"end":{"line":24,"column":57}},{"start":{"line":26,"column":10},"end":{"line":30,"column":12}}],"line":23},"1":{"loc":{"start":{"line":33,"column":11},"end":{"line":47,"column":11}},"type":"cond-expr","locations":[{"start":{"line":34,"column":12},"end":{"line":38,"column":15}},{"start":{"line":40,"column":12},"end":{"line":46,"column":15}}],"line":33},"2":{"loc":{"start":{"line":42,"column":15},"end":{"line":44,"column":15}},"type":"binary-expr","locations":[{"start":{"line":42,"column":15},"end":{"line":42,"column":29}},{"start":{"line":43,"column":16},"end":{"line":43,"column":83}}],"line":42}},"s":{"0":1},"f":{"0":1},"b":{"0":[0,1],"1":[0,1],"2":[1,1]},"_coverageSchema":"1a1c01bbd47fc00a2c39e90264f33305004495a9","hash":"25fa7768706f03b3e39f5cd5b618826fd690f402"}
,"C:\\Users\\Isaiah Kimoban\\Desktop\\E-Commerce\\frontend\\components\\Skeleton.tsx": {"path":"C:\\Users\\Isaiah Kimoban\\Desktop\\E-Commerce\\frontend\\components\\Skeleton.tsx","statementMap":{"0":{"start":{"line":5,"column":2},"end":{"line":7,"column":4}}},"fnMap":{"0":{"name":"Skeleton","decl":{"start":{"line":4,"column":24},"end":{"line":4,"column":32}},"loc":{"start":{"line":4,"column":72},"end":{"line":8,"column":1}},"line":4}},"branchMap":{"0":{"loc":{"start":{"line":6,"column":58},"end":{"line":6,"column":73}},"type":"binary-expr","locations":[{"start":{"line":6,"column":58},"end":{"line":6,"column":67}},{"start":{"line":6,"column":71},"end":{"line":6,"column":73}}],"line":6}},"s":{"0":0},"f":{"0":0},"b":{"0":[0,0]},"_coverageSchema":"1a1c01bbd47fc00a2c39e90264f33305004495a9","hash":"2a7e2d3e2c27594289b659e3a1e46dc818582684"}
,"C:\\Users\\Isaiah Kimoban\\Desktop\\E-Commerce\\frontend\\components\\TailwindSmoke.tsx": {"path":"C:\\Users\\Isaiah Kimoban\\Desktop\\E-Commerce\\frontend\\components\\TailwindSmoke.tsx","statementMap":{"0":{"start":{"line":5,"column":2},"end":{"line":12,"column":4}}},"fnMap":{"0":{"name":"TailwindSmoke","decl":{"start":{"line":4,"column":24},"end":{"line":4,"column":37}},"loc":{"start":{"line":4,"column":40},"end":{"line":13,"column":1}},"line":4}},"branchMap":{},"s":{"0":0},"f":{"0":0},"b":{}}
,"C:\\Users\\Isaiah Kimoban\\Desktop\\E-Commerce\\frontend\\screens\\CartScreen.tsx": {"path":"C:\\Users\\Isaiah Kimoban\\Desktop\\E-Commerce\\frontend\\screens\\CartScreen.tsx","statementMap":{"0":{"start":{"line":9,"column":19},"end":{"line":68,"column":1}},"1":{"start":{"line":10,"column":15},"end":{"line":10,"column":66}},"2":{"start":{"line":10,"column":49},"end":{"line":10,"column":65}},"3":{"start":{"line":11,"column":19},"end":{"line":11,"column":32}},"4":{"start":{"line":13,"column":23},"end":{"line":13,"column":67}},"5":{"start":{"line":13,"column":39},"end":{"line":13,"column":67}},"6":{"start":{"line":14,"column":25},"end":{"line":14,"column":101}},"7":{"start":{"line":14,"column":59},"end":{"line":14,"column":101}},"8":{"start":{"line":15,"column":22},"end":{"line":15,"column":49}},"9":{"start":{"line":15,"column":28},"end":{"line":15,"column":49}},"10":{"start":{"line":17,"column":2},"end":{"line":67,"column":4}},"11":{"start":{"line":26,"column":34},"end":{"line":26,"column":52}},"12":{"start":{"line":28,"column":14},"end":{"line":55,"column":21}},"13":{"start":{"line":37,"column":35},"end":{"line":37,"column":90}},"14":{"start":{"line":44,"column":35},"end":{"line":44,"column":77}},"15":{"start":{"line":51,"column":33},"end":{"line":51,"column":54}}},"fnMap":{"0":{"name":"(anonymous_0)","decl":{"start":{"line":9,"column":19},"end":{"line":9,"column":20}},"loc":{"start":{"line":9,"column":25},"end":{"line":68,"column":1}},"line":9},"1":{"name":"(anonymous_1)","decl":{"start":{"line":10,"column":27},"end":{"line":10,"column":28}},"loc":{"start":{"line":10,"column":49},"end":{"line":10,"column":65}},"line":10},"2":{"name":"(anonymous_2)","decl":{"start":{"line":13,"column":23},"end":{"line":13,"column":24}},"loc":{"start":{"line":13,"column":39},"end":{"line":13,"column":67}},"line":13},"3":{"name":"(anonymous_3)","decl":{"start":{"line":14,"column":25},"end":{"line":14,"column":26}},"loc":{"start":{"line":14,"column":59},"end":{"line":14,"column":101}},"line":14},"4":{"name":"(anonymous_4)","decl":{"start":{"line":15,"column":22},"end":{"line":15,"column":23}},"loc":{"start":{"line":15,"column":28},"end":{"line":15,"column":49}},"line":15},"5":{"name":"(anonymous_5)","decl":{"start":{"line":26,"column":26},"end":{"line":26,"column":27}},"loc":{"start":{"line":26,"column":34},"end":{"line":26,"column":52}},"line":26},"6":{"name":"(anonymous_6)","decl":{"start":{"line":27,"column":24},"end":{"line":27,"column":25}},"loc":{"start":{"line":28,"column":14},"end":{"line":55,"column":21}},"line":28},"7":{"name":"(anonymous_7)","decl":{"start":{"line":37,"column":29},"end":{"line":37,"column":30}},"loc":{"start":{"line":37,"column":35},"end":{"line":37,"column":90}},"line":37},"8":{"name":"(anonymous_8)","decl":{"start":{"line":44,"column":29},"end":{"line":44,"column":30}},"loc":{"start":{"line":44,"column":35},"end":{"line":44,"column":77}},"line":44},"9":{"name":"(anonymous_9)","decl":{"start":{"line":51,"column":27},"end":{"line":51,"column":28}},"loc":{"start":{"line":51,"column":33},"end":{"line":51,"column":54}},"line":51}},"branchMap":{"0":{"loc":{"start":{"line":20,"column":7},"end":{"line":65,"column":7}},"type":"cond-expr","locations":[{"start":{"line":21,"column":8},"end":{"line":21,"column":93}},{"start":{"line":23,"column":8},"end":{"line":64,"column":11}}],"line":20}},"s":{"0":0,"1":0,"2":0,"3":0,"4":0,"5":0,"6":0,"7":0,"8":0,"9":0,"10":0,"11":0,"12":0,"13":0,"14":0,"15":0},"f":{"0":0,"1":0,"2":0,"3":0,"4":0,"5":0,"6":0,"7":0,"8":0,"9":0},"b":{"0":[0,0]}}
,"C:\\Users\\Isaiah Kimoban\\Desktop\\E-Commerce\\frontend\\screens\\HomeScreen.tsx": {"path":"C:\\Users\\Isaiah Kimoban\\Desktop\\E-Commerce\\frontend\\screens\\HomeScreen.tsx","statementMap":{"0":{"start":{"line":17,"column":19},"end":{"line":46,"column":1}},"1":{"start":{"line":18,"column":21},"end":{"line":18,"column":72}},"2":{"start":{"line":19,"column":2},"end":{"line":45,"column":4}},"3":{"start":{"line":25,"column":23},"end":{"line":25,"column":54}},"4":{"start":{"line":32,"column":23},"end":{"line":32,"column":50}},"5":{"start":{"line":39,"column":23},"end":{"line":39,"column":53}}},"fnMap":{"0":{"name":"(anonymous_0)","decl":{"start":{"line":17,"column":19},"end":{"line":17,"column":20}},"loc":{"start":{"line":17,"column":25},"end":{"line":46,"column":1}},"line":17},"1":{"name":"(anonymous_1)","decl":{"start":{"line":25,"column":17},"end":{"line":25,"column":18}},"loc":{"start":{"line":25,"column":23},"end":{"line":25,"column":54}},"line":25},"2":{"name":"(anonymous_2)","decl":{"start":{"line":32,"column":17},"end":{"line":32,"column":18}},"loc":{"start":{"line":32,"column":23},"end":{"line":32,"column":50}},"line":32},"3":{"name":"(anonymous_3)","decl":{"start":{"line":39,"column":17},"end":{"line":39,"column":18}},"loc":{"start":{"line":39,"column":23},"end":{"line":39,"column":53}},"line":39}},"branchMap":{},"s":{"0":0,"1":0,"2":0,"3":0,"4":0,"5":0},"f":{"0":0,"1":0,"2":0,"3":0},"b":{}}
,"C:\\Users\\Isaiah Kimoban\\Desktop\\E-Commerce\\frontend\\screens\\LoginScreen.tsx": {"path":"C:\\Users\\Isaiah Kimoban\\Desktop\\E-Commerce\\frontend\\screens\\LoginScreen.tsx","statementMap":{"0":{"start":{"line":8,"column":19},"end":{"line":8,"column":32}},"1":{"start":{"line":9,"column":22},"end":{"line":9,"column":67}},"2":{"start":{"line":9,"column":56},"end":{"line":9,"column":66}},"3":{"start":{"line":10,"column":34},"end":{"line":10,"column":46}},"4":{"start":{"line":11,"column":34},"end":{"line":11,"column":46}},"5":{"start":{"line":13,"column":22},"end":{"line":31,"column":3}},"6":{"start":{"line":14,"column":4},"end":{"line":14,"column":27}},"7":{"start":{"line":15,"column":4},"end":{"line":30,"column":5}},"8":{"start":{"line":16,"column":23},"end":{"line":20,"column":8}},"9":{"start":{"line":21,"column":6},"end":{"line":21,"column":63}},"10":{"start":{"line":21,"column":24},"end":{"line":21,"column":63}},"11":{"start":{"line":22,"column":19},"end":{"line":22,"column":40}},"12":{"start":{"line":24,"column":6},"end":{"line":24,"column":80}},"13":{"start":{"line":25,"column":6},"end":{"line":25,"column":43}},"14":{"start":{"line":26,"column":6},"end":{"line":26,"column":33}},"15":{"start":{"line":28,"column":6},"end":{"line":28,"column":60}},"16":{"start":{"line":29,"column":6},"end":{"line":29,"column":58}},"17":{"start":{"line":33,"column":2},"end":{"line":78,"column":4}},"18":{"start":{"line":62,"column":41},"end":{"line":62,"column":72}}},"fnMap":{"0":{"name":"LoginScreen","decl":{"start":{"line":7,"column":24},"end":{"line":7,"column":35}},"loc":{"start":{"line":7,"column":57},"end":{"line":79,"column":1}},"line":7},"1":{"name":"(anonymous_1)","decl":{"start":{"line":9,"column":34},"end":{"line":9,"column":35}},"loc":{"start":{"line":9,"column":56},"end":{"line":9,"column":66}},"line":9},"2":{"name":"(anonymous_2)","decl":{"start":{"line":13,"column":22},"end":{"line":13,"column":23}},"loc":{"start":{"line":13,"column":34},"end":{"line":31,"column":3}},"line":13},"3":{"name":"(anonymous_3)","decl":{"start":{"line":62,"column":35},"end":{"line":62,"column":36}},"loc":{"start":{"line":62,"column":41},"end":{"line":62,"column":72}},"line":62}},"branchMap":{"0":{"loc":{"start":{"line":21,"column":6},"end":{"line":21,"column":63}},"type":"if","locations":[{"start":{"line":21,"column":6},"end":{"line":21,"column":63}},{"start":{},"end":{}}],"line":21},"1":{"loc":{"start":{"line":28,"column":28},"end":{"line":28,"column":57}},"type":"binary-expr","locations":[{"start":{"line":28,"column":28},"end":{"line":28,"column":39}},{"start":{"line":28,"column":43},"end":{"line":28,"column":57}}],"line":28},"2":{"loc":{"start":{"line":29,"column":27},"end":{"line":29,"column":56}},"type":"binary-expr","locations":[{"start":{"line":29,"column":27},"end":{"line":29,"column":38}},{"start":{"line":29,"column":42},"end":{"line":29,"column":56}}],"line":29},"3":{"loc":{"start":{"line":56,"column":11},"end":{"line":60,"column":11}},"type":"cond-expr","locations":[{"start":{"line":57,"column":12},"end":{"line":57,"column":73}},{"start":{"line":59,"column":12},"end":{"line":59,"column":81}}],"line":56}},"s":{"0":2,"1":2,"2":4,"3":2,"4":2,"5":2,"6":0,"7":0,"8":0,"9":0,"10":0,"11":0,"12":0,"13":0,"14":0,"15":0,"16":0,"17":2,"18":0},"f":{"0":2,"1":4,"2":0,"3":0},"b":{"0":[0,0],"1":[0,0],"2":[0,0],"3":[1,1]},"_coverageSchema":"1a1c01bbd47fc00a2c39e90264f33305004495a9","hash":"4ed4ca78fad4efc20e8bbe0f9c3c297efb223de9"}
,"C:\\Users\\Isaiah Kimoban\\Desktop\\E-Commerce\\frontend\\screens\\ProductDetailScreen.tsx": {"path":"C:\\Users\\Isaiah Kimoban\\Desktop\\E-Commerce\\frontend\\screens\\ProductDetailScreen.tsx","statementMap":{"0":{"start":{"line":11,"column":16},"end":{"line":11,"column":53}},"1":{"start":{"line":23,"column":28},"end":{"line":128,"column":1}},"2":{"start":{"line":24,"column":16},"end":{"line":24,"column":31}},"3":{"start":{"line":25,"column":24},"end":{"line":25,"column":36}},"4":{"start":{"line":26,"column":32},"end":{"line":26,"column":62}},"5":{"start":{"line":27,"column":32},"end":{"line":27,"column":46}},"6":{"start":{"line":28,"column":28},"end":{"line":28,"column":40}},"7":{"start":{"line":29,"column":19},"end":{"line":29,"column":32}},"8":{"start":{"line":31,"column":2},"end":{"line":47,"column":18}},"9":{"start":{"line":32,"column":25},"end":{"line":45,"column":5}},"10":{"start":{"line":33,"column":6},"end":{"line":33,"column":23}},"11":{"start":{"line":34,"column":6},"end":{"line":34,"column":19}},"12":{"start":{"line":35,"column":6},"end":{"line":44,"column":7}},"13":{"start":{"line":36,"column":25},"end":{"line":36,"column":63}},"14":{"start":{"line":37,"column":8},"end":{"line":37,"column":69}},"15":{"start":{"line":37,"column":26},"end":{"line":37,"column":69}},"16":{"start":{"line":38,"column":21},"end":{"line":38,"column":42}},"17":{"start":{"line":39,"column":8},"end":{"line":39,"column":25}},"18":{"start":{"line":41,"column":8},"end":{"line":41,"column":57}},"19":{"start":{"line":43,"column":8},"end":{"line":43,"column":26}},"20":{"start":{"line":46,"column":4},"end":{"line":46,"column":19}},"21":{"start":{"line":49,"column":26},"end":{"line":60,"column":3}},"22":{"start":{"line":50,"column":4},"end":{"line":50,"column":25}},"23":{"start":{"line":50,"column":18},"end":{"line":50,"column":25}},"24":{"start":{"line":51,"column":4},"end":{"line":58,"column":8}},"25":{"start":{"line":59,"column":4},"end":{"line":59,"column":53}},"26":{"start":{"line":62,"column":2},"end":{"line":74,"column":3}},"27":{"start":{"line":63,"column":4},"end":{"line":73,"column":6}},"28":{"start":{"line":76,"column":2},"end":{"line":100,"column":3}},"29":{"start":{"line":77,"column":4},"end":{"line":99,"column":6}},"30":{"start":{"line":83,"column":12},"end":{"line":83,"column":25}},"31":{"start":{"line":84,"column":12},"end":{"line":84,"column":29}},"32":{"start":{"line":85,"column":12},"end":{"line":91,"column":20}},"33":{"start":{"line":86,"column":14},"end":{"line":90,"column":50}},"34":{"start":{"line":87,"column":29},"end":{"line":87,"column":39}},"35":{"start":{"line":88,"column":30},"end":{"line":88,"column":46}},"36":{"start":{"line":89,"column":29},"end":{"line":89,"column":64}},"37":{"start":{"line":90,"column":31},"end":{"line":90,"column":48}},"38":{"start":{"line":102,"column":2},"end":{"line":127,"column":4}}},"fnMap":{"0":{"name":"(anonymous_0)","decl":{"start":{"line":23,"column":28},"end":{"line":23,"column":29}},"loc":{"start":{"line":23,"column":34},"end":{"line":128,"column":1}},"line":23},"1":{"name":"(anonymous_1)","decl":{"start":{"line":31,"column":12},"end":{"line":31,"column":13}},"loc":{"start":{"line":31,"column":18},"end":{"line":47,"column":3}},"line":31},"2":{"name":"(anonymous_2)","decl":{"start":{"line":32,"column":25},"end":{"line":32,"column":26}},"loc":{"start":{"line":32,"column":37},"end":{"line":45,"column":5}},"line":32},"3":{"name":"(anonymous_3)","decl":{"start":{"line":49,"column":26},"end":{"line":49,"column":27}},"loc":{"start":{"line":49,"column":32},"end":{"line":60,"column":3}},"line":49},"4":{"name":"(anonymous_4)","decl":{"start":{"line":82,"column":19},"end":{"line":82,"column":20}},"loc":{"start":{"line":82,"column":25},"end":{"line":92,"column":11}},"line":82},"5":{"name":"(anonymous_5)","decl":{"start":{"line":85,"column":23},"end":{"line":85,"column":24}},"loc":{"start":{"line":85,"column":29},"end":{"line":91,"column":13}},"line":85},"6":{"name":"(anonymous_6)","decl":{"start":{"line":87,"column":22},"end":{"line":87,"column":23}},"loc":{"start":{"line":87,"column":29},"end":{"line":87,"column":39}},"line":87},"7":{"name":"(anonymous_7)","decl":{"start":{"line":88,"column":22},"end":{"line":88,"column":23}},"loc":{"start":{"line":88,"column":30},"end":{"line":88,"column":46}},"line":88},"8":{"name":"(anonymous_8)","decl":{"start":{"line":89,"column":23},"end":{"line":89,"column":24}},"loc":{"start":{"line":89,"column":29},"end":{"line":89,"column":64}},"line":89},"9":{"name":"(anonymous_9)","decl":{"start":{"line":90,"column":25},"end":{"line":90,"column":26}},"loc":{"start":{"line":90,"column":31},"end":{"line":90,"column":48}},"line":90}},"branchMap":{"0":{"loc":{"start":{"line":37,"column":8},"end":{"line":37,"column":69}},"type":"if","locations":[{"start":{"line":37,"column":8},"end":{"line":37,"column":69}},{"start":{},"end":{}}],"line":37},"1":{"loc":{"start":{"line":41,"column":17},"end":{"line":41,"column":55}},"type":"binary-expr","locations":[{"start":{"line":41,"column":17},"end":{"line":41,"column":28}},{"start":{"line":41,"column":32},"end":{"line":41,"column":55}}],"line":41},"2":{"loc":{"start":{"line":50,"column":4},"end":{"line":50,"column":25}},"type":"if","locations":[{"start":{"line":50,"column":4},"end":{"line":50,"column":25}},{"start":{},"end":{}}],"line":50},"3":{"loc":{"start":{"line":62,"column":2},"end":{"line":74,"column":3}},"type":"if","locations":[{"start":{"line":62,"column":2},"end":{"line":74,"column":3}},{"start":{},"end":{}}],"line":62},"4":{"loc":{"start":{"line":76,"column":2},"end":{"line":100,"column":3}},"type":"if","locations":[{"start":{"line":76,"column":2},"end":{"line":100,"column":3}},{"start":{},"end":{}}],"line":76},"5":{"loc":{"start":{"line":76,"column":6},"end":{"line":76,"column":23}},"type":"binary-expr","locations":[{"start":{"line":76,"column":6},"end":{"line":76,"column":11}},{"start":{"line":76,"column":15},"end":{"line":76,"column":23}}],"line":76},"6":{"loc":{"start":{"line":79,"column":55},"end":{"line":79,"column":83}},"type":"binary-expr","locations":[{"start":{"line":79,"column":55},"end":{"line":79,"column":60}},{"start":{"line":79,"column":64},"end":{"line":79,"column":83}}],"line":79},"7":{"loc":{"start":{"line":111,"column":9},"end":{"line":113,"column":9}},"type":"binary-expr","locations":[{"start":{"line":111,"column":9},"end":{"line":111,"column":22}},{"start":{"line":112,"column":10},"end":{"line":112,"column":79}}],"line":111},"8":{"loc":{"start":{"line":116,"column":61},"end":{"line":116,"column":83}},"type":"binary-expr","locations":[{"start":{"line":116,"column":61},"end":{"line":116,"column":74}},{"start":{"line":116,"column":78},"end":{"line":116,"column":83}}],"line":116}},"s":{"0":0,"1":0,"2":0,"3":0,"4":0,"5":0,"6":0,"7":0,"8":0,"9":0,"10":0,"11":0,"12":0,"13":0,"14":0,"15":0,"16":0,"17":0,"18":0,"19":0,"20":0,"21":0,"22":0,"23":0,"24":0,"25":0,"26":0,"27":0,"28":0,"29":0,"30":0,"31":0,"32":0,"33":0,"34":0,"35":0,"36":0,"37":0,"38":0},"f":{"0":0,"1":0,"2":0,"3":0,"4":0,"5":0,"6":0,"7":0,"8":0,"9":0},"b":{"0":[0,0],"1":[0,0],"2":[0,0],"3":[0,0],"4":[0,0],"5":[0,0],"6":[0,0],"7":[0,0],"8":[0,0]}}
,"C:\\Users\\Isaiah Kimoban\\Desktop\\E-Commerce\\frontend\\screens\\ProductListScreen.tsx": {"path":"C:\\Users\\Isaiah Kimoban\\Desktop\\E-Commerce\\frontend\\screens\\ProductListScreen.tsx","statementMap":{"0":{"start":{"line":12,"column":16},"end":{"line":12,"column":53}},"1":{"start":{"line":27,"column":18},"end":{"line":27,"column":20}},"2":{"start":{"line":29,"column":26},"end":{"line":133,"column":1}},"3":{"start":{"line":30,"column":21},"end":{"line":30,"column":83}},"4":{"start":{"line":31,"column":34},"end":{"line":31,"column":57}},"5":{"start":{"line":32,"column":32},"end":{"line":32,"column":47}},"6":{"start":{"line":33,"column":28},"end":{"line":33,"column":40}},"7":{"start":{"line":34,"column":26},"end":{"line":34,"column":37}},"8":{"start":{"line":35,"column":38},"end":{"line":35,"column":53}},"9":{"start":{"line":36,"column":32},"end":{"line":36,"column":46}},"10":{"start":{"line":37,"column":50},"end":{"line":37,"column":79}},"11":{"start":{"line":38,"column":26},"end":{"line":38,"column":75}},"12":{"start":{"line":40,"column":24},"end":{"line":62,"column":55}},"13":{"start":{"line":41,"column":4},"end":{"line":41,"column":24}},"14":{"start":{"line":41,"column":17},"end":{"line":41,"column":24}},"15":{"start":{"line":42,"column":4},"end":{"line":42,"column":21}},"16":{"start":{"line":43,"column":4},"end":{"line":43,"column":17}},"17":{"start":{"line":44,"column":4},"end":{"line":61,"column":5}},"18":{"start":{"line":45,"column":16},"end":{"line":45,"column":76}},"19":{"start":{"line":46,"column":6},"end":{"line":46,"column":67}},"20":{"start":{"line":46,"column":28},"end":{"line":46,"column":67}},"21":{"start":{"line":47,"column":6},"end":{"line":47,"column":57}},"22":{"start":{"line":47,"column":32},"end":{"line":47,"column":57}},"23":{"start":{"line":48,"column":6},"end":{"line":48,"column":59}},"24":{"start":{"line":48,"column":33},"end":{"line":48,"column":59}},"25":{"start":{"line":49,"column":23},"end":{"line":49,"column":39}},"26":{"start":{"line":50,"column":6},"end":{"line":50,"column":68}},"27":{"start":{"line":50,"column":24},"end":{"line":50,"column":68}},"28":{"start":{"line":51,"column":19},"end":{"line":51,"column":40}},"29":{"start":{"line":52,"column":26},"end":{"line":52,"column":79}},"30":{"start":{"line":53,"column":6},"end":{"line":53,"column":31}},"31":{"start":{"line":54,"column":6},"end":{"line":54,"column":30}},"32":{"start":{"line":55,"column":6},"end":{"line":55,"column":36}},"33":{"start":{"line":57,"column":6},"end":{"line":57,"column":56}},"34":{"start":{"line":59,"column":6},"end":{"line":59,"column":24}},"35":{"start":{"line":60,"column":6},"end":{"line":60,"column":38}},"36":{"start":{"line":60,"column":17},"end":{"line":60,"column":38}},"37":{"start":{"line":64,"column":2},"end":{"line":67,"column":31}},"38":{"start":{"line":65,"column":4},"end":{"line":65,"column":24}},"39":{"start":{"line":69,"column":25},"end":{"line":71,"column":3}},"40":{"start":{"line":70,"column":4},"end":{"line":70,"column":45}},"41":{"start":{"line":70,"column":29},"end":{"line":70,"column":45}},"42":{"start":{"line":73,"column":20},"end":{"line":77,"column":3}},"43":{"start":{"line":74,"column":4},"end":{"line":74,"column":24}},"44":{"start":{"line":75,"column":4},"end":{"line":75,"column":15}},"45":{"start":{"line":76,"column":4},"end":{"line":76,"column":24}},"46":{"start":{"line":79,"column":2},"end":{"line":132,"column":4}},"47":{"start":{"line":81,"column":71},"end":{"line":81,"column":95}},"48":{"start":{"line":81,"column":96},"end":{"line":81,"column":107}},"49":{"start":{"line":85,"column":25},"end":{"line":85,"column":45}},"50":{"start":{"line":91,"column":25},"end":{"line":91,"column":46}},"51":{"start":{"line":101,"column":27},"end":{"line":101,"column":46}},"52":{"start":{"line":111,"column":12},"end":{"line":111,"column":43}},"53":{"start":{"line":117,"column":36},"end":{"line":117,"column":50}},"54":{"start":{"line":119,"column":12},"end":{"line":122,"column":14}},"55":{"start":{"line":121,"column":29},"end":{"line":121,"column":89}}},"fnMap":{"0":{"name":"(anonymous_0)","decl":{"start":{"line":29,"column":26},"end":{"line":29,"column":27}},"loc":{"start":{"line":29,"column":32},"end":{"line":133,"column":1}},"line":29},"1":{"name":"(anonymous_1)","decl":{"start":{"line":40,"column":36},"end":{"line":40,"column":37}},"loc":{"start":{"line":40,"column":61},"end":{"line":62,"column":3}},"line":40},"2":{"name":"(anonymous_2)","decl":{"start":{"line":64,"column":12},"end":{"line":64,"column":13}},"loc":{"start":{"line":64,"column":18},"end":{"line":67,"column":3}},"line":64},"3":{"name":"(anonymous_3)","decl":{"start":{"line":69,"column":25},"end":{"line":69,"column":26}},"loc":{"start":{"line":69,"column":31},"end":{"line":71,"column":3}},"line":69},"4":{"name":"(anonymous_4)","decl":{"start":{"line":73,"column":20},"end":{"line":73,"column":21}},"loc":{"start":{"line":73,"column":26},"end":{"line":77,"column":3}},"line":73},"5":{"name":"(anonymous_5)","decl":{"start":{"line":81,"column":63},"end":{"line":81,"column":64}},"loc":{"start":{"line":81,"column":69},"end":{"line":81,"column":109}},"line":81},"6":{"name":"(anonymous_6)","decl":{"start":{"line":85,"column":19},"end":{"line":85,"column":20}},"loc":{"start":{"line":85,"column":25},"end":{"line":85,"column":45}},"line":85},"7":{"name":"(anonymous_7)","decl":{"start":{"line":91,"column":19},"end":{"line":91,"column":20}},"loc":{"start":{"line":91,"column":25},"end":{"line":91,"column":46}},"line":91},"8":{"name":"(anonymous_8)","decl":{"start":{"line":101,"column":21},"end":{"line":101,"column":22}},"loc":{"start":{"line":101,"column":27},"end":{"line":101,"column":46}},"line":101},"9":{"name":"(anonymous_9)","decl":{"start":{"line":110,"column":29},"end":{"line":110,"column":30}},"loc":{"start":{"line":111,"column":12},"end":{"line":111,"column":43}},"line":111},"10":{"name":"(anonymous_10)","decl":{"start":{"line":117,"column":24},"end":{"line":117,"column":25}},"loc":{"start":{"line":117,"column":36},"end":{"line":117,"column":50}},"line":117},"11":{"name":"(anonymous_11)","decl":{"start":{"line":118,"column":22},"end":{"line":118,"column":23}},"loc":{"start":{"line":119,"column":12},"end":{"line":122,"column":14}},"line":119},"12":{"name":"(anonymous_12)","decl":{"start":{"line":121,"column":23},"end":{"line":121,"column":24}},"loc":{"start":{"line":121,"column":29},"end":{"line":121,"column":89}},"line":121}},"branchMap":{"0":{"loc":{"start":{"line":40,"column":43},"end":{"line":40,"column":56}},"type":"default-arg","locations":[{"start":{"line":40,"column":51},"end":{"line":40,"column":56}}],"line":40},"1":{"loc":{"start":{"line":41,"column":4},"end":{"line":41,"column":24}},"type":"if","locations":[{"start":{"line":41,"column":4},"end":{"line":41,"column":24}},{"start":{},"end":{}}],"line":41},"2":{"loc":{"start":{"line":45,"column":35},"end":{"line":45,"column":51}},"type":"cond-expr","locations":[{"start":{"line":45,"column":43},"end":{"line":45,"column":44}},{"start":{"line":45,"column":47},"end":{"line":45,"column":51}}],"line":45},"3":{"loc":{"start":{"line":46,"column":6},"end":{"line":46,"column":67}},"type":"if","locations":[{"start":{"line":46,"column":6},"end":{"line":46,"column":67}},{"start":{},"end":{}}],"line":46},"4":{"loc":{"start":{"line":47,"column":6},"end":{"line":47,"column":57}},"type":"if","locations":[{"start":{"line":47,"column":6},"end":{"line":47,"column":57}},{"start":{},"end":{}}],"line":47},"5":{"loc":{"start":{"line":48,"column":6},"end":{"line":48,"column":59}},"type":"if","locations":[{"start":{"line":48,"column":6},"end":{"line":48,"column":59}},{"start":{},"end":{}}],"line":48},"6":{"loc":{"start":{"line":50,"column":6},"end":{"line":50,"column":68}},"type":"if","locations":[{"start":{"line":50,"column":6},"end":{"line":50,"column":68}},{"start":{},"end":{}}],"line":50},"7":{"loc":{"start":{"line":52,"column":26},"end":{"line":52,"column":79}},"type":"cond-expr","locations":[{"start":{"line":52,"column":34},"end":{"line":52,"column":46}},{"start":{"line":52,"column":49},"end":{"line":52,"column":79}}],"line":52},"8":{"loc":{"start":{"line":55,"column":14},"end":{"line":55,"column":34}},"type":"cond-expr","locations":[{"start":{"line":55,"column":22},"end":{"line":55,"column":23}},{"start":{"line":55,"column":26},"end":{"line":55,"column":34}}],"line":55},"9":{"loc":{"start":{"line":57,"column":15},"end":{"line":57,"column":54}},"type":"binary-expr","locations":[{"start":{"line":57,"column":15},"end":{"line":57,"column":26}},{"start":{"line":57,"column":30},"end":{"line":57,"column":54}}],"line":57},"10":{"loc":{"start":{"line":60,"column":6},"end":{"line":60,"column":38}},"type":"if","locations":[{"start":{"line":60,"column":6},"end":{"line":60,"column":38}},{"start":{},"end":{}}],"line":60},"11":{"loc":{"start":{"line":70,"column":4},"end":{"line":70,"column":45}},"type":"if","locations":[{"start":{"line":70,"column":4},"end":{"line":70,"column":45}},{"start":{},"end":{}}],"line":70},"12":{"loc":{"start":{"line":70,"column":8},"end":{"line":70,"column":27}},"type":"binary-expr","locations":[{"start":{"line":70,"column":8},"end":{"line":70,"column":16}},{"start":{"line":70,"column":20},"end":{"line":70,"column":27}}],"line":70},"13":{"loc":{"start":{"line":84,"column":59},"end":{"line":84,"column":140}},"type":"cond-expr","locations":[{"start":{"line":84,"column":82},"end":{"line":84,"column":111}},{"start":{"line":84,"column":114},"end":{"line":84,"column":140}}],"line":84},"14":{"loc":{"start":{"line":87,"column":27},"end":{"line":87,"column":94}},"type":"cond-expr","locations":[{"start":{"line":87,"column":50},"end":{"line":87,"column":76}},{"start":{"line":87,"column":79},"end":{"line":87,"column":94}}],"line":87},"15":{"loc":{"start":{"line":90,"column":59},"end":{"line":90,"column":141}},"type":"cond-expr","locations":[{"start":{"line":90,"column":83},"end":{"line":90,"column":112}},{"start":{"line":90,"column":115},"end":{"line":90,"column":141}}],"line":90},"16":{"loc":{"start":{"line":93,"column":27},"end":{"line":93,"column":95}},"type":"cond-expr","locations":[{"start":{"line":93,"column":51},"end":{"line":93,"column":77}},{"start":{"line":93,"column":80},"end":{"line":93,"column":95}}],"line":93},"17":{"loc":{"start":{"line":96,"column":7},"end":{"line":129,"column":7}},"type":"cond-expr","locations":[{"start":{"line":97,"column":8},"end":{"line":107,"column":15}},{"start":{"line":108,"column":10},"end":{"line":129,"column":7}}],"line":96},"18":{"loc":{"start":{"line":108,"column":10},"end":{"line":129,"column":7}},"type":"cond-expr","locations":[{"start":{"line":109,"column":8},"end":{"line":113,"column":15}},{"start":{"line":115,"column":8},"end":{"line":128,"column":10}}],"line":108},"19":{"loc":{"start":{"line":108,"column":10},"end":{"line":108,"column":42}},"type":"binary-expr","locations":[{"start":{"line":108,"column":10},"end":{"line":108,"column":17}},{"start":{"line":108,"column":21},"end":{"line":108,"column":42}}],"line":108},"20":{"loc":{"start":{"line":127,"column":31},"end":{"line":127,"column":113}},"type":"cond-expr","locations":[{"start":{"line":127,"column":56},"end":{"line":127,"column":106}},{"start":{"line":127,"column":109},"end":{"line":127,"column":113}}],"line":127},"21":{"loc":{"start":{"line":127,"column":31},"end":{"line":127,"column":53}},"type":"binary-expr","locations":[{"start":{"line":127,"column":31},"end":{"line":127,"column":38}},{"start":{"line":127,"column":42},"end":{"line":127,"column":53}}],"line":127}},"s":{"0":0,"1":0,"2":0,"3":0,"4":0,"5":0,"6":0,"7":0,"8":0,"9":0,"10":0,"11":0,"12":0,"13":0,"14":0,"15":0,"16":0,"17":0,"18":0,"19":0,"20":0,"21":0,"22":0,"23":0,"24":0,"25":0,"26":0,"27":0,"28":0,"29":0,"30":0,"31":0,"32":0,"33":0,"34":0,"35":0,"36":0,"37":0,"38":0,"39":0,"40":0,"41":0,"42":0,"43":0,"44":0,"45":0,"46":0,"47":0,"48":0,"49":0,"50":0,"51":0,"52":0,"53":0,"54":0,"55":0},"f":{"0":0,"1":0,"2":0,"3":0,"4":0,"5":0,"6":0,"7":0,"8":0,"9":0,"10":0,"11":0,"12":0},"b":{"0":[0],"1":[0,0],"2":[0,0],"3":[0,0],"4":[0,0],"5":[0,0],"6":[0,0],"7":[0,0],"8":[0,0],"9":[0,0],"10":[0,0],"11":[0,0],"12":[0,0],"13":[0,0],"14":[0,0],"15":[0,0],"16":[0,0],"17":[0,0],"18":[0,0],"19":[0,0],"20":[0,0],"21":[0,0]}}
,"C:\\Users\\Isaiah Kimoban\\Desktop\\E-Commerce\\frontend\\screens\\ProfileScreen.tsx": {"path":"C:\\Users\\Isaiah Kimoban\\Desktop\\E-Commerce\\frontend\\screens\\ProfileScreen.tsx","statementMap":{"0":{"start":{"line":8,"column":22},"end":{"line":35,"column":1}},"1":{"start":{"line":9,"column":15},"end":{"line":9,"column":65}},"2":{"start":{"line":9,"column":49},"end":{"line":9,"column":64}},"3":{"start":{"line":10,"column":19},"end":{"line":10,"column":32}},"4":{"start":{"line":12,"column":23},"end":{"line":15,"column":3}},"5":{"start":{"line":13,"column":4},"end":{"line":13,"column":23}},"6":{"start":{"line":14,"column":4},"end":{"line":14,"column":59}},"7":{"start":{"line":17,"column":2},"end":{"line":34,"column":4}}},"fnMap":{"0":{"name":"(anonymous_0)","decl":{"start":{"line":8,"column":22},"end":{"line":8,"column":23}},"loc":{"start":{"line":8,"column":28},"end":{"line":35,"column":1}},"line":8},"1":{"name":"(anonymous_1)","decl":{"start":{"line":9,"column":27},"end":{"line":9,"column":28}},"loc":{"start":{"line":9,"column":49},"end":{"line":9,"column":64}},"line":9},"2":{"name":"(anonymous_2)","decl":{"start":{"line":12,"column":23},"end":{"line":12,"column":24}},"loc":{"start":{"line":12,"column":29},"end":{"line":15,"column":3}},"line":12}},"branchMap":{"0":{"loc":{"start":{"line":20,"column":7},"end":{"line":32,"column":7}},"type":"cond-expr","locations":[{"start":{"line":21,"column":8},"end":{"line":29,"column":11}},{"start":{"line":31,"column":8},"end":{"line":31,"column":61}}],"line":20}},"s":{"0":0,"1":0,"2":0,"3":0,"4":0,"5":0,"6":0,"7":0},"f":{"0":0,"1":0,"2":0},"b":{"0":[0,0]}}
,"C:\\Users\\Isaiah Kimoban\\Desktop\\E-Commerce\\frontend\\screens\\RegisterScreen.tsx": {"path":"C:\\Users\\Isaiah Kimoban\\Desktop\\E-Commerce\\frontend\\screens\\RegisterScreen.tsx","statementMap":{"0":{"start":{"line":5,"column":34},"end":{"line":5,"column":46}},"1":{"start":{"line":6,"column":28},"end":{"line":6,"column":40}},"2":{"start":{"line":7,"column":34},"end":{"line":7,"column":46}},"3":{"start":{"line":8,"column":32},"end":{"line":8,"column":47}},"4":{"start":{"line":10,"column":25},"end":{"line":26,"column":3}},"5":{"start":{"line":11,"column":4},"end":{"line":11,"column":21}},"6":{"start":{"line":12,"column":4},"end":{"line":25,"column":5}},"7":{"start":{"line":13,"column":23},"end":{"line":17,"column":8}},"8":{"start":{"line":18,"column":6},"end":{"line":18,"column":63}},"9":{"start":{"line":18,"column":24},"end":{"line":18,"column":63}},"10":{"start":{"line":19,"column":6},"end":{"line":19,"column":64}},"11":{"start":{"line":20,"column":6},"end":{"line":20,"column":34}},"12":{"start":{"line":22,"column":6},"end":{"line":22,"column":65}},"13":{"start":{"line":24,"column":6},"end":{"line":24,"column":24}},"14":{"start":{"line":28,"column":2},"end":{"line":68,"column":4}},"15":{"start":{"line":64,"column":39},"end":{"line":64,"column":66}}},"fnMap":{"0":{"name":"RegisterScreen","decl":{"start":{"line":4,"column":24},"end":{"line":4,"column":38}},"loc":{"start":{"line":4,"column":60},"end":{"line":69,"column":1}},"line":4},"1":{"name":"(anonymous_1)","decl":{"start":{"line":10,"column":25},"end":{"line":10,"column":26}},"loc":{"start":{"line":10,"column":37},"end":{"line":26,"column":3}},"line":10},"2":{"name":"(anonymous_2)","decl":{"start":{"line":64,"column":33},"end":{"line":64,"column":34}},"loc":{"start":{"line":64,"column":39},"end":{"line":64,"column":66}},"line":64}},"branchMap":{"0":{"loc":{"start":{"line":18,"column":6},"end":{"line":18,"column":63}},"type":"if","locations":[{"start":{"line":18,"column":6},"end":{"line":18,"column":63}},{"start":{},"end":{}}],"line":18},"1":{"loc":{"start":{"line":22,"column":27},"end":{"line":22,"column":63}},"type":"binary-expr","locations":[{"start":{"line":22,"column":27},"end":{"line":22,"column":38}},{"start":{"line":22,"column":42},"end":{"line":22,"column":63}}],"line":22},"2":{"loc":{"start":{"line":58,"column":9},"end":{"line":62,"column":9}},"type":"cond-expr","locations":[{"start":{"line":59,"column":10},"end":{"line":59,"column":44}},{"start":{"line":61,"column":10},"end":{"line":61,"column":80}}],"line":58}},"s":{"0":0,"1":0,"2":0,"3":0,"4":0,"5":0,"6":0,"7":0,"8":0,"9":0,"10":0,"11":0,"12":0,"13":0,"14":0,"15":0},"f":{"0":0,"1":0,"2":0},"b":{"0":[0,0],"1":[0,0],"2":[0,0]}}
}
